SF:lib/model/congressman_model.dart
DA:15,1
DA:17,0
DA:18,0
DA:20,0
DA:22,1
DA:23,2
DA:25,1
DA:27,5
LF:8
LH:5
end_of_record
SF:lib/model/congressman_model.g.dart
DA:9,0
DA:10,0
DA:11,0
DA:12,0
DA:13,0
DA:14,0
DA:18,0
DA:19,0
DA:20,0
DA:21,0
DA:22,0
DA:23,0
LF:12
LH:0
end_of_record
SF:lib/core/simple_bloc_delegate.dart
DA:4,0
DA:6,0
DA:7,0
DA:10,0
DA:12,0
DA:13,0
DA:16,0
DA:18,0
DA:19,0
LF:9
LH:0
end_of_record
SF:lib/main.dart
DA:12,5
DA:14,0
DA:15,0
DA:16,0
DA:20,0
DA:22,0
DA:25,0
DA:28,0
DA:29,0
DA:30,0
DA:31,0
LF:11
LH:1
end_of_record
SF:lib/repository/firebase_congress_repository.dart
DA:8,0
DA:13,0
DA:14,0
DA:15,0
DA:19,0
DA:20,0
DA:21,0
DA:22,0
DA:26,0
DA:28,0
DA:29,0
DA:30,0
DA:31,0
DA:32,0
DA:33,0
DA:34,0
DA:38,0
DA:41,0
DA:42,0
DA:43,0
DA:44,0
DA:45,0
DA:46,0
DA:47,0
LF:24
LH:0
end_of_record
SF:lib/ui/congress_list_page.dart
DA:9,0
DA:11,0
DA:12,0
DA:13,0
DA:15,0
DA:16,0
DA:17,0
DA:18,0
DA:19,0
DA:20,0
DA:21,0
DA:22,0
DA:27,0
DA:31,0
DA:32,0
DA:33,0
DA:38,0
DA:40,0
DA:42,0
DA:43,0
DA:44,0
DA:45,0
DA:47,0
DA:48,0
DA:49,0
DA:50,0
DA:51,0
DA:52,0
DA:53,0
DA:54,0
DA:55,0
DA:57,0
DA:58,0
DA:59,0
DA:61,0
DA:62,0
DA:63,0
DA:66,0
DA:70,0
DA:71,0
DA:72,0
DA:73,0
DA:74,0
DA:75,0
DA:79,0
DA:80,0
DA:81,0
DA:82,0
LF:48
LH:0
end_of_record
SF:lib/ui/bloc/congress_bloc.dart
DA:11,1
DA:17,1
DA:18,3
DA:19,5
DA:21,1
DA:22,1
DA:25,1
DA:26,1
DA:27,2
DA:29,1
DA:30,2
DA:32,1
DA:33,2
DA:37,1
DA:38,2
DA:41,4
DA:42,3
DA:44,3
DA:48,1
DA:50,6
DA:51,1
DA:52,2
DA:53,2
DA:54,1
DA:55,2
DA:56,4
DA:58,3
DA:60,1
DA:61,3
DA:65,1
DA:67,6
DA:68,1
DA:69,2
DA:70,2
DA:71,4
DA:73,3
DA:75,3
LF:37
LH:37
end_of_record
SF:lib/ui/bloc/congress_event.dart
DA:5,1
DA:9,0
DA:10,0
DA:14,1
DA:18,0
DA:19,0
DA:23,1
DA:27,0
DA:28,0
LF:9
LH:3
end_of_record
SF:lib/ui/bloc/congress_state.dart
DA:7,1
DA:8,1
DA:12,1
DA:13,1
DA:17,1
DA:21,1
DA:22,2
DA:26,1
DA:30,0
DA:31,0
DA:35,1
DA:39,1
DA:40,2
DA:44,1
DA:48,1
DA:49,2
DA:53,1
DA:57,0
DA:58,0
DA:62,1
DA:66,0
DA:67,0
LF:22
LH:16
end_of_record
SF:lib/ui/congress_list.dart
DA:9,0
DA:13,0
DA:15,0
DA:16,0
DA:17,0
DA:18,0
DA:24,0
DA:28,0
DA:30,0
DA:32,0
DA:33,0
DA:34,0
DA:35,0
DA:36,0
DA:37,0
DA:38,0
DA:39,0
DA:40,0
LF:18
LH:0
end_of_record
SF:lib/ui/congress_ranking_page.dart
DA:7,0
DA:10,0
DA:11,0
DA:12,0
DA:13,0
DA:16,0
DA:17,0
DA:18,0
DA:19,0
DA:20,0
DA:22,0
DA:23,0
LF:12
LH:0
end_of_record
